<?xml version="1.0" encoding="UTF-8"?>
<!-- Generated by org.testng.reporters.JUnitReportReporter -->
<testsuite hostname="Asus-India" name="com.lenox.TestCases.ProposalTool" tests="2" failures="0" timestamp="8 Oct 2018 06:40:03 GMT" time="88.269" errors="0">
  <testcase name="testTwo_ProposalWithDoc" time="38.916" classname="com.lenox.TestCases.ProposalTool"/>
  <testcase name="testOne_ProposalWithImage" time="49.353" classname="com.lenox.TestCases.ProposalTool"/>
</testsuite> <!-- com.lenox.TestCases.ProposalTool -->
