<?xml version="1.0" encoding="UTF-8"?>
<!-- Generated by org.testng.reporters.JUnitReportReporter -->
<testsuite hostname="Asus-India" name="com.lenox.TestCases.ProposalTool" tests="2" failures="0" timestamp="12 Oct 2018 08:35:47 GMT" time="96.345" errors="0">
  <testcase name="testOne_ProposalWithImage" time="53.718" classname="com.lenox.TestCases.ProposalTool"/>
  <testcase name="testTwo_ProposalWithDoc" time="42.627" classname="com.lenox.TestCases.ProposalTool"/>
</testsuite> <!-- com.lenox.TestCases.ProposalTool -->
