<?xml version="1.0" encoding="UTF-8"?>
<!-- Generated by org.testng.reporters.JUnitReportReporter -->
<testsuite hostname="Asus-India" name="com.facebook.TestCases.LoginUI_Test" tests="7" failures="0" timestamp="5 Sep 2018 07:32:05 GMT" time="15.462" errors="0">
  <testcase name="testOne" time="4.291" classname="com.facebook.TestCases.LoginUI_Test"/>
  <testcase name="testFive" time="3.558" classname="com.facebook.TestCases.LoginUI_Test"/>
  <testcase name="testOneTwo" time="2.883" classname="com.facebook.TestCases.LoginUI_Test"/>
  <testcase name="testThree" time="1.488" classname="com.facebook.TestCases.LoginUI_Test"/>
  <testcase name="testTwo" time="1.213" classname="com.facebook.TestCases.LoginUI_Test"/>
  <testcase name="testFour" time="1.079" classname="com.facebook.TestCases.LoginUI_Test"/>
  <testcase name="testSix" time="0.950" classname="com.facebook.TestCases.LoginUI_Test"/>
</testsuite> <!-- com.facebook.TestCases.LoginUI_Test -->
