<?xml version="1.0" encoding="UTF-8"?>
<!-- Generated by org.testng.reporters.JUnitReportReporter -->
<testsuite hostname="Asus-India" name="com.lenox.TestCases.ProposalTool" tests="2" failures="0" timestamp="8 Oct 2018 06:38:03 GMT" time="93.488" errors="0">
  <testcase name="testTwo_ProposalWithDoc" time="39.457" classname="com.lenox.TestCases.ProposalTool"/>
  <testcase name="testOne_ProposalWithImage" time="54.031" classname="com.lenox.TestCases.ProposalTool"/>
</testsuite> <!-- com.lenox.TestCases.ProposalTool -->
