<?xml version="1.0" encoding="UTF-8"?>
<!-- Generated by org.testng.reporters.JUnitReportReporter -->
<testsuite hostname="Asus-India" name="com.facebook.TestCases.LoginUI_Test" tests="7" failures="0" timestamp="1 Sep 2018 17:35:09 GMT" time="9.528" errors="0">
  <testcase name="testOneTwo" time="0.969" classname="com.facebook.TestCases.LoginUI_Test"/>
  <testcase name="testFive" time="1.277" classname="com.facebook.TestCases.LoginUI_Test"/>
  <testcase name="testSix" time="0.762" classname="com.facebook.TestCases.LoginUI_Test"/>
  <testcase name="testOne" time="4.136" classname="com.facebook.TestCases.LoginUI_Test"/>
  <testcase name="testThree" time="0.747" classname="com.facebook.TestCases.LoginUI_Test"/>
  <testcase name="testFour" time="0.924" classname="com.facebook.TestCases.LoginUI_Test"/>
  <testcase name="testTwo" time="0.713" classname="com.facebook.TestCases.LoginUI_Test"/>
</testsuite> <!-- com.facebook.TestCases.LoginUI_Test -->
